  Renderer.cpp
c:\users\khw\documents\github\softrenderer\softrenderer-master\triangle.h(95): warning C4244: '초기화 중': 'float'에서 'BYTE'(으)로 변환하면서 데이터가 손실될 수 있습니다.
c:\users\khw\documents\github\softrenderer\softrenderer-master\triangle.h(96): warning C4244: '초기화 중': 'float'에서 'BYTE'(으)로 변환하면서 데이터가 손실될 수 있습니다.
c:\users\khw\documents\github\softrenderer\softrenderer-master\triangle.h(97): warning C4244: '초기화 중': 'float'에서 'BYTE'(으)로 변환하면서 데이터가 손실될 수 있습니다.
c:\users\khw\documents\github\softrenderer\softrenderer-master\triangle.h(99): warning C4244: '초기화 중': 'float'에서 'BYTE'(으)로 변환하면서 데이터가 손실될 수 있습니다.
c:\users\khw\documents\github\softrenderer\softrenderer-master\triangle.h(100): warning C4244: '초기화 중': 'float'에서 'BYTE'(으)로 변환하면서 데이터가 손실될 수 있습니다.
c:\users\khw\documents\github\softrenderer\softrenderer-master\triangle.h(101): warning C4244: '초기화 중': 'float'에서 'BYTE'(으)로 변환하면서 데이터가 손실될 수 있습니다.
c:\users\khw\documents\github\softrenderer\softrenderer-master\triangle.h(103): warning C4244: '초기화 중': 'float'에서 'BYTE'(으)로 변환하면서 데이터가 손실될 수 있습니다.
c:\users\khw\documents\github\softrenderer\softrenderer-master\triangle.h(104): warning C4244: '초기화 중': 'float'에서 'BYTE'(으)로 변환하면서 데이터가 손실될 수 있습니다.
c:\users\khw\documents\github\softrenderer\softrenderer-master\triangle.h(105): warning C4244: '초기화 중': 'float'에서 'BYTE'(으)로 변환하면서 데이터가 손실될 수 있습니다.
c:\users\khw\documents\github\softrenderer\softrenderer-master\mesh.h(118): warning C4244: '초기화 중': 'float'에서 'BYTE'(으)로 변환하면서 데이터가 손실될 수 있습니다.
c:\users\khw\documents\github\softrenderer\softrenderer-master\mesh.h(119): warning C4244: '초기화 중': 'float'에서 'BYTE'(으)로 변환하면서 데이터가 손실될 수 있습니다.
c:\users\khw\documents\github\softrenderer\softrenderer-master\mesh.h(120): warning C4244: '초기화 중': 'float'에서 'BYTE'(으)로 변환하면서 데이터가 손실될 수 있습니다.
c:\users\khw\documents\github\softrenderer\softrenderer-master\mesh.h(122): warning C4244: '초기화 중': 'float'에서 'BYTE'(으)로 변환하면서 데이터가 손실될 수 있습니다.
c:\users\khw\documents\github\softrenderer\softrenderer-master\mesh.h(123): warning C4244: '초기화 중': 'float'에서 'BYTE'(으)로 변환하면서 데이터가 손실될 수 있습니다.
c:\users\khw\documents\github\softrenderer\softrenderer-master\mesh.h(124): warning C4244: '초기화 중': 'float'에서 'BYTE'(으)로 변환하면서 데이터가 손실될 수 있습니다.
c:\users\khw\documents\github\softrenderer\softrenderer-master\mesh.h(126): warning C4244: '초기화 중': 'float'에서 'BYTE'(으)로 변환하면서 데이터가 손실될 수 있습니다.
c:\users\khw\documents\github\softrenderer\softrenderer-master\mesh.h(127): warning C4244: '초기화 중': 'float'에서 'BYTE'(으)로 변환하면서 데이터가 손실될 수 있습니다.
c:\users\khw\documents\github\softrenderer\softrenderer-master\mesh.h(128): warning C4244: '초기화 중': 'float'에서 'BYTE'(으)로 변환하면서 데이터가 손실될 수 있습니다.
c:\users\khw\documents\github\softrenderer\softrenderer-master\renderer.cpp(19): warning C4018: '<': signed 또는 unsigned가 일치하지 않습니다.
c:\users\khw\documents\github\softrenderer\softrenderer-master\renderer.cpp(115): warning C4244: '인수': 'int'에서 'float'(으)로 변환하면서 데이터가 손실될 수 있습니다.
c:\users\khw\documents\github\softrenderer\softrenderer-master\renderer.cpp(117): warning C4244: '인수': 'int'에서 'float'(으)로 변환하면서 데이터가 손실될 수 있습니다.
c:\users\khw\documents\github\softrenderer\softrenderer-master\renderer.cpp(142): warning C4244: '인수': 'int'에서 'float'(으)로 변환하면서 데이터가 손실될 수 있습니다.
  SoftRenderer.vcxproj -> C:\Users\khw\Documents\GitHub\SoftRenderer\SoftRenderer-master\Debug\SoftRenderer.exe
